mode: set
github.com/icyrogue/golottie/golottie.go:24.44,26.2 1 1
github.com/icyrogue/golottie/golottie.go:28.60,32.16 2 1
github.com/icyrogue/golottie/golottie.go:35.2,35.12 1 1
github.com/icyrogue/golottie/golottie.go:32.16,34.3 1 1
github.com/icyrogue/golottie/golottie.go:38.37,39.35 1 1
github.com/icyrogue/golottie/golottie.go:43.2,45.16 1 1
github.com/icyrogue/golottie/golottie.go:49.2,50.13 2 1
github.com/icyrogue/golottie/golottie.go:39.35,42.3 2 1
github.com/icyrogue/golottie/golottie.go:45.16,48.3 2 1
github.com/icyrogue/golottie/golottie.go:53.56,56.2 1 1
github.com/icyrogue/golottie/golottie.go:58.59,61.2 1 1
github.com/icyrogue/golottie/mockanimation.go:16.58,17.75 1 1
github.com/icyrogue/golottie/mockanimation.go:24.2,27.15 3 1
github.com/icyrogue/golottie/mockanimation.go:17.75,20.17 3 1
github.com/icyrogue/golottie/mockanimation.go:20.17,22.4 1 0
github.com/icyrogue/golottie/mockanimation.go:30.40,32.2 1 0
github.com/icyrogue/golottie/mockanimation.go:34.41,36.2 1 0
github.com/icyrogue/golottie/mockanimation.go:38.46,40.2 1 1
github.com/icyrogue/golottie/mockanimation.go:42.33,44.2 1 0
github.com/icyrogue/golottie/animation.go:31.71,33.16 2 0
github.com/icyrogue/golottie/animation.go:36.2,37.16 2 0
github.com/icyrogue/golottie/animation.go:41.2,45.16 4 0
github.com/icyrogue/golottie/animation.go:49.2,50.15 2 0
github.com/icyrogue/golottie/animation.go:33.16,35.3 1 0
github.com/icyrogue/golottie/animation.go:37.16,39.3 1 0
github.com/icyrogue/golottie/animation.go:45.16,47.3 1 0
github.com/icyrogue/golottie/animation.go:53.101,55.52 2 0
github.com/icyrogue/golottie/animation.go:58.2,58.38 1 0
github.com/icyrogue/golottie/animation.go:55.52,57.3 1 0
github.com/icyrogue/golottie/animation.go:61.54,62.75 1 0
github.com/icyrogue/golottie/animation.go:69.2,72.15 3 0
github.com/icyrogue/golottie/animation.go:62.75,65.17 3 0
github.com/icyrogue/golottie/animation.go:65.17,67.4 1 0
github.com/icyrogue/golottie/animation.go:75.29,76.21 1 0
github.com/icyrogue/golottie/animation.go:76.21,78.3 1 0
github.com/icyrogue/golottie/animation.go:81.42,83.2 1 0
github.com/icyrogue/golottie/animation.go:86.72,88.2 1 0
github.com/icyrogue/golottie/context.go:14.85,20.2 2 1
github.com/icyrogue/golottie/context.go:22.37,24.2 1 1
