mode: set
github.com/icyrogue/golottie/context.go:14.85,20.2 2 1
github.com/icyrogue/golottie/context.go:22.37,24.2 1 1
github.com/icyrogue/golottie/golottie.go:15.44,17.2 1 1
github.com/icyrogue/golottie/golottie.go:19.60,23.16 2 1
github.com/icyrogue/golottie/golottie.go:26.2,26.12 1 1
github.com/icyrogue/golottie/golottie.go:23.16,25.3 1 1
github.com/icyrogue/golottie/golottie.go:29.37,30.35 1 1
github.com/icyrogue/golottie/golottie.go:34.2,36.16 1 1
github.com/icyrogue/golottie/golottie.go:40.2,41.13 2 1
github.com/icyrogue/golottie/golottie.go:30.35,33.3 2 1
github.com/icyrogue/golottie/golottie.go:36.16,39.3 2 1
github.com/icyrogue/golottie/golottie.go:44.56,47.2 1 1
github.com/icyrogue/golottie/golottie.go:49.59,52.2 1 1
github.com/icyrogue/golottie/animation.go:29.43,34.2 1 1
github.com/icyrogue/golottie/animation.go:36.77,37.38 1 1
github.com/icyrogue/golottie/animation.go:40.2,44.16 3 1
github.com/icyrogue/golottie/animation.go:47.2,48.43 2 1
github.com/icyrogue/golottie/animation.go:37.38,39.3 1 1
github.com/icyrogue/golottie/animation.go:44.16,46.3 1 1
github.com/icyrogue/golottie/animation.go:51.121,52.18 1 1
github.com/icyrogue/golottie/animation.go:55.2,55.17 1 1
github.com/icyrogue/golottie/animation.go:58.2,59.38 2 1
github.com/icyrogue/golottie/animation.go:52.18,54.3 1 1
github.com/icyrogue/golottie/animation.go:55.17,57.3 1 1
github.com/icyrogue/golottie/animation.go:62.43,63.75 1 1
github.com/icyrogue/golottie/animation.go:67.2,70.15 3 1
github.com/icyrogue/golottie/animation.go:63.75,66.3 2 1
github.com/icyrogue/golottie/animation.go:73.42,75.2 1 1
github.com/icyrogue/golottie/animation.go:77.29,78.21 1 1
github.com/icyrogue/golottie/animation.go:78.21,80.3 1 1
